<?xml version="1.0" encoding="UTF-8"?>
<!-- Generated by org.testng.reporters.JUnitXMLReporter -->
<testsuite hostname="CBEN-0163L14-LX" ignored="0" name="Test" tests="4" failures="0" timestamp="02 Mar 2021 03:19:37 GMT" time="14.86" errors="0">
  <testcase name="navigateToRegister" time="1.077" classname="co.testautomation.testcases.M7_Activity1_PG"/>
  <testcase name="register" time="3.041" classname="co.testautomation.testcases.M7_Activity1_PG"/>
  <testcase name="navigateToLogin" time="1.115" classname="co.testautomation.testcases.M7_Activity1_PG"/>
  <testcase name="login" time="2.323" classname="co.testautomation.testcases.M7_Activity1_PG"/>
</testsuite> <!-- Test -->
